[debug] ----------------------------------------------------------------------
[debug] Command:      C:\Program Files\nodejs\node.exe C:\Users\ASUS\AppData\Roaming\npm\node_modules\firebase-tools\bin\firebase serve
[debug] CLI Version:  3.2.2
[debug] Platform:     win32
[debug] Node Version: v6.9.4
[debug] Time:         Tue Feb 07 2017 07:02:46 GMT+0800 (China Standard Time)
[debug] ----------------------------------------------------------------------
[debug] 
[info] Starting Firebase development server...
[info] 
[info] Project Directory: C:\Users\ASUS\Pictures\friendlychat\web-start
[info] Public Directory: ./
[info] 
[info] Server listening at: http://localhost:5000
[debug] ----------------------------------------------------------------------
[debug] Command:      C:\Program Files\nodejs\node.exe C:\Users\ASUS\AppData\Roaming\npm\node_modules\firebase-tools\bin\firebase serve
[debug] CLI Version:  3.2.2
[debug] Platform:     win32
[debug] Node Version: v6.9.4
[debug] Time:         Tue Feb 07 2017 07:14:14 GMT+0800 (China Standard Time)
[debug] ----------------------------------------------------------------------
[debug] 
[info] Starting Firebase development server...
[info] 
[info] Project Directory: C:\Users\ASUS\Pictures\friendlychat\web-start
[info] Public Directory: ./
[info] 
[info] Server listening at: http://localhost:5000
